cl : 命令行 warning D9035: “Gm”选项已否决，并将在将来的版本中移除
  Demo.cpp
D:\Work\图形学实验\opengl_offmodel_reader\OpenGLDemo\Demo\Demo\vec3.h(114,11): warning C4244: “初始化”: 从“double”转换到“float”，可能丢失数据
D:\Work\图形学实验\opengl_offmodel_reader\OpenGLDemo\Demo\Demo\vec3.h(126,16): warning C4244: “return”: 从“double”转换到“float”，可能丢失数据
D:\Work\图形学实验\opengl_offmodel_reader\OpenGLDemo\Demo\Demo\Model.h(60,24): warning C4018: “<”: 有符号/无符号不匹配
D:\Work\图形学实验\opengl_offmodel_reader\OpenGLDemo\Demo\Demo\Model.h(67,24): warning C4018: “<”: 有符号/无符号不匹配
D:\Work\图形学实验\opengl_offmodel_reader\OpenGLDemo\Demo\Demo\SoftModel.h(79,24): warning C4018: “<”: 有符号/无符号不匹配
D:\Work\图形学实验\opengl_offmodel_reader\OpenGLDemo\Demo\Demo\SoftModel.h(89,24): warning C4018: “<”: 有符号/无符号不匹配
D:\Work\图形学实验\opengl_offmodel_reader\OpenGLDemo\Demo\Demo\SoftModel.h(123,24): warning C4018: “<”: 有符号/无符号不匹配
D:\Work\图形学实验\opengl_offmodel_reader\OpenGLDemo\Demo\Demo\SoftModel.h(125,43): warning C4244: “参数”: 从“_Ty”转换到“const float”，可能丢失数据
          with
          [
              _Ty=int
          ]
D:\Work\图形学实验\opengl_offmodel_reader\OpenGLDemo\Demo\Demo\SoftModel.h(128,24): warning C4018: “<”: 有符号/无符号不匹配
D:\Work\图形学实验\opengl_offmodel_reader\OpenGLDemo\Demo\Demo\Demo.cpp(58,28): warning C4244: “参数”: 从“const GLfloat”转换到“int”，可能丢失数据
D:\Work\图形学实验\opengl_offmodel_reader\OpenGLDemo\Demo\Demo\Demo.cpp(58,21): warning C4244: “参数”: 从“const GLfloat”转换到“int”，可能丢失数据
D:\Work\图形学实验\opengl_offmodel_reader\OpenGLDemo\Demo\Demo\Demo.cpp(90,23): warning C4305: “参数”: 从“double”到“GLfloat”截断
D:\Work\图形学实验\opengl_offmodel_reader\OpenGLDemo\Demo\Demo\Demo.cpp(103,25): warning C4305: “参数”: 从“double”到“GLfloat”截断
D:\Work\图形学实验\opengl_offmodel_reader\OpenGLDemo\Demo\Demo\Demo.cpp(115,25): warning C4305: “参数”: 从“double”到“GLfloat”截断
D:\Work\图形学实验\opengl_offmodel_reader\OpenGLDemo\Demo\Demo\Demo.cpp(140,30): warning C4305: “参数”: 从“double”到“GLclampf”截断
D:\Work\图形学实验\opengl_offmodel_reader\OpenGLDemo\Demo\Demo\Demo.cpp(151,49): warning C4305: “初始化”: 从“double”到“GLfloat”截断
D:\Work\图形学实验\opengl_offmodel_reader\OpenGLDemo\Demo\Demo\Demo.cpp(152,46): warning C4305: “初始化”: 从“double”到“GLfloat”截断
D:\Work\图形学实验\opengl_offmodel_reader\OpenGLDemo\Demo\Demo\Demo.cpp(153,47): warning C4305: “初始化”: 从“double”到“GLfloat”截断
D:\Work\图形学实验\opengl_offmodel_reader\OpenGLDemo\Demo\Demo\Demo.cpp(220,29): warning C4244: “参数”: 从“float”转换到“GLint”，可能丢失数据
D:\Work\图形学实验\opengl_offmodel_reader\OpenGLDemo\Demo\Demo\Demo.cpp(220,19): warning C4244: “参数”: 从“float”转换到“GLint”，可能丢失数据
D:\Work\图形学实验\opengl_offmodel_reader\OpenGLDemo\Demo\Demo\Demo.cpp(236,52): warning C4305: “参数”: 从“double”到“float”截断
D:\Work\图形学实验\opengl_offmodel_reader\OpenGLDemo\Demo\Demo\Demo.cpp(237,52): warning C4305: “参数”: 从“double”到“float”截断
D:\Work\图形学实验\opengl_offmodel_reader\OpenGLDemo\Demo\Demo\Demo.cpp(238,53): warning C4305: “参数”: 从“double”到“float”截断
D:\Work\图形学实验\opengl_offmodel_reader\OpenGLDemo\Demo\Demo\Demo.cpp(239,52): warning C4305: “参数”: 从“double”到“float”截断
D:\Work\图形学实验\opengl_offmodel_reader\OpenGLDemo\Demo\Demo\Demo.cpp(240,53): warning C4305: “参数”: 从“double”到“float”截断
D:\Work\图形学实验\opengl_offmodel_reader\OpenGLDemo\Demo\Demo\Demo.cpp(241,53): warning C4305: “参数”: 从“double”到“float”截断
D:\Work\图形学实验\opengl_offmodel_reader\OpenGLDemo\Demo\Demo\Demo.cpp(293,16): warning C4244: “初始化”: 从“int”转换到“float”，可能丢失数据
D:\Work\图形学实验\opengl_offmodel_reader\OpenGLDemo\Demo\Demo\Demo.cpp(294,16): warning C4244: “初始化”: 从“int”转换到“float”，可能丢失数据
D:\Work\图形学实验\opengl_offmodel_reader\OpenGLDemo\Demo\Demo\Demo.cpp(299,32): warning C4244: “参数”: 从“float”转换到“int”，可能丢失数据
D:\Work\图形学实验\opengl_offmodel_reader\OpenGLDemo\Demo\Demo\Demo.cpp(299,23): warning C4244: “参数”: 从“float”转换到“int”，可能丢失数据
  Demo.vcxproj -> D:\Work\图形学实验\opengl_offmodel_reader\OpenGLDemo\Demo\Debug\Demo.exe
