d:\work\c++\图形学实验\opengldemo\demo\demo\debug\demo.pch
d:\work\c++\图形学实验\opengldemo\demo\demo\debug\vc141.pdb
d:\work\c++\图形学实验\opengldemo\demo\demo\debug\vc141.idb
d:\work\c++\图形学实验\opengldemo\demo\demo\debug\stdafx.obj
d:\work\c++\图形学实验\opengldemo\demo\demo\debug\demo.obj
d:\work\c++\图形学实验\opengldemo\demo\demo\debug\demo.exe.embed.manifest
d:\work\c++\图形学实验\opengldemo\demo\demo\debug\demo.exe.intermediate.manifest
d:\work\c++\图形学实验\opengldemo\demo\demo\debug\demo.exe.embed.manifest.res
d:\work\c++\图形学实验\opengldemo\demo\demo\debug\vc90.idb
d:\work\c++\图形学实验\opengldemo\demo\demo\debug\vc90.pdb
d:\work\c++\图形学实验\opengldemo\demo\debug\demo.pdb
d:\work\c++\图形学实验\opengldemo\demo\demo\debug\demo.tlog\cl.command.1.tlog
d:\work\c++\图形学实验\opengldemo\demo\demo\debug\demo.tlog\cl.read.1.tlog
d:\work\c++\图形学实验\opengldemo\demo\demo\debug\demo.tlog\cl.write.1.tlog
d:\work\c++\图形学实验\opengldemo\demo\demo\debug\demo.tlog\link-cvtres.read.1.tlog
d:\work\c++\图形学实验\opengldemo\demo\demo\debug\demo.tlog\link-cvtres.write.1.tlog
d:\work\c++\图形学实验\opengldemo\demo\demo\debug\demo.tlog\link-rc.read.1.tlog
d:\work\c++\图形学实验\opengldemo\demo\demo\debug\demo.tlog\link-rc.write.1.tlog
d:\work\c++\图形学实验\opengldemo\demo\demo\debug\demo.tlog\link.command.1.tlog
d:\work\c++\图形学实验\opengldemo\demo\demo\debug\demo.tlog\link.read.1.tlog
d:\work\c++\图形学实验\opengldemo\demo\demo\debug\demo.tlog\link.write.1.tlog
